*** Start analyzing build configuration ***
*** List of included argument files ***
    Build configuration file:  /nfs/site/proj/ccd/wa/gmichlev/FV/Training/training_arbiter/src/.dvt/default.build
    -f /nfs/site/proj/ccd/wa/gmichlev/FV/Training/training_arbiter/src/../cfg/fv_training_arbiter.vlist
*** Done analyzing build configuration [174 ms] ***

*** Start SystemVerilog build ***
*** Invocation #1***
Loading (1) /p/dt/fvcoe/pub/tools/sva_lib/latest/SVA_LIB/intel_checkers_pkg.vs ...
Loading (2) /p/dt/fvcoe/pub/tools/sva_lib/latest/SVA_LIB/intel_checkers_core_imp.vs ...
Done /p/dt/fvcoe/pub/tools/sva_lib/latest/SVA_LIB/intel_checkers_core_imp.vs [346 ms, 883 lines, SystemVerilog_2012] ...
Loading (3) /p/dt/fvcoe/pub/tools/sva_lib/latest/SVA_LIB/intel_checkers_ext_imp.vs ...
Done /p/dt/fvcoe/pub/tools/sva_lib/latest/SVA_LIB/intel_checkers_ext_imp.vs [32 ms, 137 lines, SystemVerilog_2012] ...
Done /p/dt/fvcoe/pub/tools/sva_lib/latest/SVA_LIB/intel_checkers_pkg.vs [0 ms, 31 lines, SystemVerilog_2012] ...
Loading (4) /p/dt/fvcoe/pub/tools/sva_lib/latest/SVA_LIB/intel_checkers.vs ...
Loading (5) /p/dt/fvcoe/pub/tools/sva_lib/latest/SVA_LIB/intel_checkers_core.vs ...
Done /p/dt/fvcoe/pub/tools/sva_lib/latest/SVA_LIB/intel_checkers_core.vs [0 ms, 2839 lines, SystemVerilog_2012] ...
Loading (6) /p/dt/fvcoe/pub/tools/sva_lib/latest/SVA_LIB/intel_checkers_ext.vs ...
Done /p/dt/fvcoe/pub/tools/sva_lib/latest/SVA_LIB/intel_checkers_ext.vs [0 ms, 70 lines, SystemVerilog_2012] ...
Done /p/dt/fvcoe/pub/tools/sva_lib/latest/SVA_LIB/intel_checkers.vs [0 ms, 116 lines, SystemVerilog_2012] ...
Loading (7) /nfs/site/proj/ccd/wa/gmichlev/FV/Training/training_arbiter/src/fv_training_arbiter_top.sva ...
Loading (8) /nfs/site/proj/ccd/wa/gmichlev/FV/Training/training_arbiter/src/fv_training_arbiter_map.sva ...
Done /nfs/site/proj/ccd/wa/gmichlev/FV/Training/training_arbiter/src/fv_training_arbiter_map.sva [6 ms, 3 lines, SystemVerilog_2012] ...
Loading (9) /nfs/site/proj/ccd/wa/gmichlev/FV/Training/training_arbiter/src/fv_training_arbiter_spec.sva ...
Done /nfs/site/proj/ccd/wa/gmichlev/FV/Training/training_arbiter/src/fv_training_arbiter_spec.sva [9 ms, 133 lines, SystemVerilog_2012] ...
Loading (10) /nfs/site/proj/ccd/wa/gmichlev/FV/Training/training_arbiter/src/fv_training_arbiter_restrict.sva ...
Done /nfs/site/proj/ccd/wa/gmichlev/FV/Training/training_arbiter/src/fv_training_arbiter_restrict.sva [1 ms, 12 lines, SystemVerilog_2012] ...
Loading (11) /nfs/site/proj/ccd/wa/gmichlev/FV/Training/training_arbiter/src/fv_training_arbiter_assert.sva ...
Done /nfs/site/proj/ccd/wa/gmichlev/FV/Training/training_arbiter/src/fv_training_arbiter_assert.sva [61 ms, 201 lines, SystemVerilog_2012] ...
Loading (12) /nfs/site/proj/ccd/wa/gmichlev/FV/Training/training_arbiter/src/fv_training_arbiter_cover.sva ...
Done /nfs/site/proj/ccd/wa/gmichlev/FV/Training/training_arbiter/src/fv_training_arbiter_cover.sva [1 ms, 7 lines, SystemVerilog_2012] ...
Loading (13) /nfs/site/proj/ccd/wa/gmichlev/FV/Training/training_arbiter/src/fv_training_arbiter_liveness.sva ...
Done /nfs/site/proj/ccd/wa/gmichlev/FV/Training/training_arbiter/src/fv_training_arbiter_liveness.sva [3 ms, 27 lines, SystemVerilog_2012] ...
Loading (14) /nfs/site/proj/ccd/wa/gmichlev/FV/Training/training_arbiter/src/fv_training_arbiter_assume.sva ...
Done /nfs/site/proj/ccd/wa/gmichlev/FV/Training/training_arbiter/src/fv_training_arbiter_assume.sva [3 ms, 90 lines, SystemVerilog_2012] ...
Done /nfs/site/proj/ccd/wa/gmichlev/FV/Training/training_arbiter/src/fv_training_arbiter_top.sva [1 ms, 72 lines, SystemVerilog_2012] ...
Loading (15) /nfs/site/proj/ccd/wa/gmichlev/FV/Training/training_arbiter/design/training_arbiter.v ...
Done /nfs/site/proj/ccd/wa/gmichlev/FV/Training/training_arbiter/design/training_arbiter.v [14 ms, 81 lines, SystemVerilog_2012] ...
*** Done invocation #1 [302 ms] ***
*** Scanning libraries ***
Caching -y lib directories content [14 ms] ...
Loading -y lib (16) /nfs/site/proj/ccd/wa/gmichlev/FV/Training/training_arbiter/design/gen_ms1_ls1.v ...
Done /nfs/site/proj/ccd/wa/gmichlev/FV/Training/training_arbiter/design/gen_ms1_ls1.v [33 ms, 34 lines, SystemVerilog_2012] ...
      design:gen_ms1_ls1
*** Done libraries ***
*** Done parsing [LT 422.0 ms, PT 317.0 ms] ***
*** Total number of lines [4 736] ***
Performing post full build actions ...
Performing post full build step 1 (SRI) [3 ms] ...
Performing post full build step 2 (RI) [2 ms] ...
Performing post full build step 3 (RCP) [0 ms] ...
*** Done SystemVerilog build [528 ms] ***

*** Start mixed mode extension build ***
Performing mixed post full build step 1 (Verilog - RI) [0 ms] ...
Performing mixed post full build step 2 (Verilog - RC) [4 ms] ...
Performing mixed post full build step 3 (Verilog - RPC) [41 ms] ...
Performing mixed post full build step 4 (Verilog - RD) [4 ms] ...
Performing mixed post full build step 5 (Verilog - FSC) [53 ms] ...
Performing mixed post full build step 6 (Verilog - EV) [52 ms] ...
Performing mixed post full build step 7 (Verilog - US) [51 ms] ...
*** Done mixed mode extension build [1s.434ms] ***
*** Start adding/validating the DVT Auto-Linked resources ***
*** Done adding/validating the DVT Auto-Linked resources [5 ms] ***
*** Total build time [2s.293ms] ***
